<?xml version="1.0" encoding="UTF-8"?>
<!-- Generated by org.testng.reporters.JUnitXMLReporter -->
<testsuite ignored="0" hostname="Suraj" failures="0" tests="5" name="Test" time="0.086" errors="0" timestamp="2025-02-11T21:37:33 IST">
  <testcase classname="TestNG.TestNg.invocation_count" name="test1" time="0.012"/>
  <testcase classname="TestNG.TestNg.invocation_count" name="test1" time="0.001"/>
  <testcase classname="TestNG.TestNg.invocation_count" name="test1" time="0.001"/>
  <testcase classname="TestNG.TestNg.invocation_count" name="test1" time="0.002"/>
  <testcase classname="TestNG.TestNg.invocation_count" name="test2" time="0.002"/>
</testsuite> <!-- Test -->
