<?xml version="1.0" encoding="UTF-8"?>
<!-- Generated by org.testng.reporters.JUnitXMLReporter -->
<testsuite ignored="0" hostname="Suraj" failures="0" tests="12" name="Surefire test" time="0.062" errors="0" timestamp="2025-04-04T00:26:10 IST">
  <testcase classname="BatchTesting.loginTest" name="login_byemail" time="0.002"/>
  <testcase classname="BatchTesting.loginTest" name="loginbymbl" time="0.001"/>
  <testcase classname="BatchTesting.paymentTest" name="NetBanking" time="0.002"/>
  <testcase classname="BatchTesting.paymentTest" name="cashOndelevery" time="0.0"/>
  <testcase classname="BatchTesting.prodPageTest" name="addProductCart" time="0.0"/>
  <testcase classname="BatchTesting.prodPageTest" name="addProductWish" time="0.0"/>
  <testcase classname="TestNG.TestNg.Testcase1" name="test1" time="0.002"/>
  <testcase classname="TestNG.TestNg.Testcase1" name="test2" time="0.001"/>
  <testcase classname="TestNG.TestNg.Testcase2" name="test3" time="0.001"/>
  <testcase classname="TestNG.TestNg.Testcase2" name="test4" time="0.0"/>
  <testcase classname="TestNG.TestNg.TestNgExample" name="test1" time="0.0"/>
  <testcase classname="TestNG.TestNg.TestNgExample" name="test2" time="0.001"/>
</testsuite> <!-- Surefire test -->
