<?xml version="1.0" encoding="UTF-8"?>
<testng-results ignored="0" total="12" passed="12" failed="0" skipped="0">
  <reporter-output>
  </reporter-output>
  <suite started-at="2025-04-04T00:26:10 IST" name="Surefire suite" finished-at="2025-04-04T00:26:10 IST" duration-ms="62">
    <groups>
    </groups>
    <test started-at="2025-04-04T00:26:10 IST" name="Surefire test" finished-at="2025-04-04T00:26:10 IST" duration-ms="62">
      <class name="TestNG.TestNg.TestNgExample">
        <test-method signature="test1()[pri:0, instance:TestNG.TestNg.TestNgExample@6a28ffa4]" started-at="2025-04-04T00:26:10 IST" name="test1" finished-at="2025-04-04T00:26:10 IST" duration-ms="0" status="PASS">
          <reporter-output>
          </reporter-output>
        </test-method> <!-- test1 -->
        <test-method signature="test2()[pri:0, instance:TestNG.TestNg.TestNgExample@6a28ffa4]" started-at="2025-04-04T00:26:10 IST" name="test2" finished-at="2025-04-04T00:26:10 IST" duration-ms="1" status="PASS">
          <reporter-output>
          </reporter-output>
        </test-method> <!-- test2 -->
      </class> <!-- TestNG.TestNg.TestNgExample -->
      <class name="TestNG.TestNg.Testcase1">
        <test-method is-config="true" signature="beforesuit()[pri:0, instance:TestNG.TestNg.Testcase1@63355449]" started-at="2025-04-04T00:26:10 IST" name="beforesuit" finished-at="2025-04-04T00:26:10 IST" duration-ms="13" status="PASS">
          <reporter-output>
          </reporter-output>
        </test-method> <!-- beforesuit -->
        <test-method is-config="true" signature="beforeTest()[pri:0, instance:TestNG.TestNg.Testcase1@63355449]" started-at="2025-04-04T00:26:10 IST" name="beforeTest" finished-at="2025-04-04T00:26:10 IST" duration-ms="0" status="PASS">
          <reporter-output>
          </reporter-output>
        </test-method> <!-- beforeTest -->
        <test-method is-config="true" signature="beforeClass()[pri:0, instance:TestNG.TestNg.Testcase1@63355449]" started-at="2025-04-04T00:26:10 IST" name="beforeClass" finished-at="2025-04-04T00:26:10 IST" duration-ms="1" status="PASS">
          <reporter-output>
          </reporter-output>
        </test-method> <!-- beforeClass -->
        <test-method is-config="true" signature="beforeMethod()[pri:0, instance:TestNG.TestNg.Testcase1@63355449]" started-at="2025-04-04T00:26:10 IST" name="beforeMethod" finished-at="2025-04-04T00:26:10 IST" duration-ms="1" status="PASS">
          <reporter-output>
          </reporter-output>
        </test-method> <!-- beforeMethod -->
        <test-method signature="test1()[pri:0, instance:TestNG.TestNg.Testcase1@63355449]" started-at="2025-04-04T00:26:10 IST" name="test1" finished-at="2025-04-04T00:26:10 IST" duration-ms="2" status="PASS">
          <reporter-output>
          </reporter-output>
        </test-method> <!-- test1 -->
        <test-method is-config="true" signature="afterMethod()[pri:0, instance:TestNG.TestNg.Testcase1@63355449]" started-at="2025-04-04T00:26:10 IST" name="afterMethod" finished-at="2025-04-04T00:26:10 IST" duration-ms="0" status="PASS">
          <reporter-output>
          </reporter-output>
        </test-method> <!-- afterMethod -->
        <test-method signature="test2()[pri:0, instance:TestNG.TestNg.Testcase1@63355449]" started-at="2025-04-04T00:26:10 IST" name="test2" finished-at="2025-04-04T00:26:10 IST" duration-ms="1" status="PASS">
          <reporter-output>
          </reporter-output>
        </test-method> <!-- test2 -->
        <test-method is-config="true" signature="beforeMethod()[pri:0, instance:TestNG.TestNg.Testcase1@63355449]" started-at="2025-04-04T00:26:10 IST" name="beforeMethod" finished-at="2025-04-04T00:26:10 IST" duration-ms="0" status="PASS">
          <reporter-output>
          </reporter-output>
        </test-method> <!-- beforeMethod -->
        <test-method is-config="true" signature="afterMethod()[pri:0, instance:TestNG.TestNg.Testcase1@63355449]" started-at="2025-04-04T00:26:10 IST" name="afterMethod" finished-at="2025-04-04T00:26:10 IST" duration-ms="0" status="PASS">
          <reporter-output>
          </reporter-output>
        </test-method> <!-- afterMethod -->
        <test-method is-config="true" signature="afterClass()[pri:0, instance:TestNG.TestNg.Testcase1@63355449]" started-at="2025-04-04T00:26:10 IST" name="afterClass" finished-at="2025-04-04T00:26:10 IST" duration-ms="1" status="PASS">
          <reporter-output>
          </reporter-output>
        </test-method> <!-- afterClass -->
        <test-method is-config="true" signature="afterTest()[pri:0, instance:TestNG.TestNg.Testcase1@63355449]" started-at="2025-04-04T00:26:10 IST" name="afterTest" finished-at="2025-04-04T00:26:10 IST" duration-ms="1" status="PASS">
          <reporter-output>
          </reporter-output>
        </test-method> <!-- afterTest -->
        <test-method is-config="true" signature="aftersuit()[pri:0, instance:TestNG.TestNg.Testcase1@63355449]" started-at="2025-04-04T00:26:10 IST" name="aftersuit" finished-at="2025-04-04T00:26:10 IST" duration-ms="1" status="PASS">
          <reporter-output>
          </reporter-output>
        </test-method> <!-- aftersuit -->
      </class> <!-- TestNG.TestNg.Testcase1 -->
      <class name="BatchTesting.loginTest">
        <test-method signature="login_byemail()[pri:0, instance:BatchTesting.loginTest@4ddced80]" started-at="2025-04-04T00:26:10 IST" name="login_byemail" finished-at="2025-04-04T00:26:10 IST" duration-ms="2" status="PASS">
          <reporter-output>
          </reporter-output>
        </test-method> <!-- login_byemail -->
        <test-method signature="loginbymbl()[pri:0, instance:BatchTesting.loginTest@4ddced80]" started-at="2025-04-04T00:26:10 IST" name="loginbymbl" finished-at="2025-04-04T00:26:10 IST" duration-ms="1" status="PASS">
          <reporter-output>
          </reporter-output>
        </test-method> <!-- loginbymbl -->
      </class> <!-- BatchTesting.loginTest -->
      <class name="TestNG.TestNg.Testcase2">
        <test-method signature="test3()[pri:0, instance:TestNG.TestNg.Testcase2@9353778]" started-at="2025-04-04T00:26:10 IST" name="test3" finished-at="2025-04-04T00:26:10 IST" duration-ms="1" status="PASS">
          <reporter-output>
          </reporter-output>
        </test-method> <!-- test3 -->
        <test-method signature="test4()[pri:0, instance:TestNG.TestNg.Testcase2@9353778]" started-at="2025-04-04T00:26:10 IST" name="test4" finished-at="2025-04-04T00:26:10 IST" duration-ms="0" status="PASS">
          <reporter-output>
          </reporter-output>
        </test-method> <!-- test4 -->
      </class> <!-- TestNG.TestNg.Testcase2 -->
      <class name="BatchTesting.paymentTest">
        <test-method signature="NetBanking()[pri:0, instance:BatchTesting.paymentTest@3eb7fc54]" started-at="2025-04-04T00:26:10 IST" name="NetBanking" finished-at="2025-04-04T00:26:10 IST" duration-ms="2" status="PASS">
          <reporter-output>
          </reporter-output>
        </test-method> <!-- NetBanking -->
        <test-method signature="cashOndelevery()[pri:0, instance:BatchTesting.paymentTest@3eb7fc54]" started-at="2025-04-04T00:26:10 IST" name="cashOndelevery" finished-at="2025-04-04T00:26:10 IST" duration-ms="0" status="PASS">
          <reporter-output>
          </reporter-output>
        </test-method> <!-- cashOndelevery -->
      </class> <!-- BatchTesting.paymentTest -->
      <class name="BatchTesting.prodPageTest">
        <test-method signature="addProductCart()[pri:0, instance:BatchTesting.prodPageTest@7f552bd3]" started-at="2025-04-04T00:26:10 IST" name="addProductCart" finished-at="2025-04-04T00:26:10 IST" duration-ms="0" status="PASS">
          <reporter-output>
          </reporter-output>
        </test-method> <!-- addProductCart -->
        <test-method signature="addProductWish()[pri:0, instance:BatchTesting.prodPageTest@7f552bd3]" started-at="2025-04-04T00:26:10 IST" name="addProductWish" finished-at="2025-04-04T00:26:10 IST" duration-ms="0" status="PASS">
          <reporter-output>
          </reporter-output>
        </test-method> <!-- addProductWish -->
      </class> <!-- BatchTesting.prodPageTest -->
    </test> <!-- Surefire test -->
  </suite> <!-- Surefire suite -->
</testng-results>
