<?xml version="1.0" encoding="UTF-8"?>
<testsuite xmlns:xsi="http://www.w3.org/2001/XMLSchema-instance" xsi:noNamespaceSchemaLocation="https://maven.apache.org/surefire/maven-surefire-plugin/xsd/surefire-test-report-3.0.xsd" version="3.0" name="TestSuite" time="0.712" tests="12" errors="0" skipped="0" failures="0">
  <properties>
[...]
</properties>
  <testcase name="login_byemail" classname="BatchTesting.loginTest" time="0.002">
    <system-out><![CDATA[Before suit
Before Test
email login
]]></system-out>
    <system-err><![CDATA[SLF4J: Failed to load class "org.slf4j.impl.StaticLoggerBinder".
SLF4J: Defaulting to no-operation (NOP) logger implementation
SLF4J: See http://www.slf4j.org/codes.html#StaticLoggerBinder for further details.
]]></system-err>
  </testcase>
  <testcase name="loginbymbl" classname="BatchTesting.loginTest" time="0.001">
    <system-out><![CDATA[mbl login
]]></system-out>
  </testcase>
  <testcase name="NetBanking" classname="BatchTesting.paymentTest" time="0.001">
    <system-out><![CDATA[NetBanking sucees
]]></system-out>
  </testcase>
  <testcase name="cashOndelevery" classname="BatchTesting.paymentTest" time="0.003">
    <system-out><![CDATA[cashOndelevery sucees
]]></system-out>
  </testcase>
  <testcase name="addProductCart" classname="BatchTesting.prodPageTest" time="0.001">
    <system-out><![CDATA[cart added
]]></system-out>
  </testcase>
  <testcase name="addProductWish" classname="BatchTesting.prodPageTest" time="0.001">
    <system-out><![CDATA[wish cart added
]]></system-out>
  </testcase>
  <testcase name="test1" classname="TestNG.TestNg.Testcase1" time="0.0">
    <system-out><![CDATA[Before Class
Before Method
First test case
]]></system-out>
  </testcase>
  <testcase name="test2" classname="TestNG.TestNg.Testcase1" time="0.0">
    <system-out><![CDATA[After Method

Before Method
Second test case
]]></system-out>
  </testcase>
  <testcase name="test3" classname="TestNG.TestNg.Testcase2" time="0.0">
    <system-out><![CDATA[After Method

After Class
Third test case
]]></system-out>
  </testcase>
  <testcase name="test4" classname="TestNG.TestNg.Testcase2" time="0.001">
    <system-out><![CDATA[Fourth test case
]]></system-out>
  </testcase>
  <testcase name="test1" classname="TestNG.TestNg.TestNgExample" time="0.001">
    <system-out><![CDATA[test case 1
]]></system-out>
  </testcase>
  <testcase name="test2" classname="TestNG.TestNg.TestNgExample" time="0.001">
    <system-out><![CDATA[test case 2
]]></system-out>
  </testcase>
</testsuite>