<?xml version="1.0" encoding="UTF-8"?>
<!-- Generated by org.testng.reporters.JUnitXMLReporter -->
<testsuite ignored="0" hostname="Suraj" failures="0" tests="5" name="sanity" time="0.077" errors="0" timestamp="2025-02-11T11:41:44 IST">
  <testcase classname="BatchTesting.Home" name="startApplication" time="0.01"/>
  <testcase classname="BatchTesting.Home" name="verifyLogo" time="0.003"/>
  <testcase classname="BatchTesting.Home" name="verifyTitle" time="0.002"/>
  <testcase classname="BatchTesting.loginTest" name="login_byemail" time="0.003"/>
  <testcase classname="BatchTesting.loginTest" name="loginbymbl" time="0.003"/>
</testsuite> <!-- sanity -->
