<?xml version="1.0" encoding="UTF-8"?>
<testng-results ignored="0" total="1" passed="1" failed="0" skipped="0">
  <reporter-output>
  </reporter-output>
  <suite started-at="2025-02-12T23:59:20 IST" name="Default suite" finished-at="2025-02-12T23:59:21 IST" duration-ms="563">
    <groups>
    </groups>
    <test started-at="2025-02-12T23:59:20 IST" name="Default test" finished-at="2025-02-12T23:59:21 IST" duration-ms="563">
      <class name="TestNG.TestNg.loggerDemo">
        <test-method signature="log()[pri:0, instance:TestNG.TestNg.loggerDemo@1bd4fdd]" started-at="2025-02-12T23:59:20 IST" name="log" finished-at="2025-02-12T23:59:21 IST" duration-ms="516" status="PASS">
          <reporter-output>
          </reporter-output>
        </test-method> <!-- log -->
      </class> <!-- TestNG.TestNg.loggerDemo -->
    </test> <!-- Default test -->
  </suite> <!-- Default suite -->
</testng-results>
