<?xml version="1.0" encoding="UTF-8"?>
<!-- Generated by org.testng.reporters.JUnitXMLReporter -->
<testsuite ignored="0" hostname="Suraj" failures="0" tests="4" name="function" time="0.019" errors="0" timestamp="2025-02-11T11:41:44 IST">
  <testcase classname="BatchTesting.paymentTest" name="NetBanking" time="0.003"/>
  <testcase classname="BatchTesting.paymentTest" name="cashOndelevery" time="0.003"/>
  <testcase classname="BatchTesting.prodPageTest" name="addProductCart" time="0.002"/>
  <testcase classname="BatchTesting.prodPageTest" name="addProductWish" time="0.001"/>
</testsuite> <!-- function -->
